Determining if the pthread_create exist failed with the following output:
Change Dir: /home/manjaro-guille/capturas/CMakeFiles/CMakeTmp

Run Build Command:"/usr/bin/make" "cmTC_e7796/fast"
/usr/bin/make -f CMakeFiles/cmTC_e7796.dir/build.make CMakeFiles/cmTC_e7796.dir/build
make[1]: se entra en el directorio '/home/manjaro-guille/capturas/CMakeFiles/CMakeTmp'
Building C object CMakeFiles/cmTC_e7796.dir/CheckSymbolExists.c.o
/usr/bin/cc     -o CMakeFiles/cmTC_e7796.dir/CheckSymbolExists.c.o   -c /home/manjaro-guille/capturas/CMakeFiles/CMakeTmp/CheckSymbolExists.c
Linking C executable cmTC_e7796
/usr/bin/cmake -E cmake_link_script CMakeFiles/cmTC_e7796.dir/link.txt --verbose=1
/usr/bin/cc       CMakeFiles/cmTC_e7796.dir/CheckSymbolExists.c.o  -o cmTC_e7796 -rdynamic 
CMakeFiles/cmTC_e7796.dir/CheckSymbolExists.c.o: En la funci贸n `main':
CheckSymbolExists.c:(.text+0x16): referencia a `pthread_create' sin definir
collect2: error: ld devolvi贸 el estado de salida 1
make[1]: *** [CMakeFiles/cmTC_e7796.dir/build.make:98: cmTC_e7796] Error 1
make[1]: se sale del directorio '/home/manjaro-guille/capturas/CMakeFiles/CMakeTmp'
make: *** [Makefile:126: cmTC_e7796/fast] Error 2

File /home/manjaro-guille/capturas/CMakeFiles/CMakeTmp/CheckSymbolExists.c:
/* */
#include <pthread.h>

int main(int argc, char** argv)
{
  (void)argv;
#ifndef pthread_create
  return ((int*)(&pthread_create))[argc];
#else
  (void)argc;
  return 0;
#endif
}

Determining if the function pthread_create exists in the pthreads failed with the following output:
Change Dir: /home/manjaro-guille/capturas/CMakeFiles/CMakeTmp

Run Build Command:"/usr/bin/make" "cmTC_6ff81/fast"
/usr/bin/make -f CMakeFiles/cmTC_6ff81.dir/build.make CMakeFiles/cmTC_6ff81.dir/build
make[1]: se entra en el directorio '/home/manjaro-guille/capturas/CMakeFiles/CMakeTmp'
Building C object CMakeFiles/cmTC_6ff81.dir/CheckFunctionExists.c.o
/usr/bin/cc    -DCHECK_FUNCTION_EXISTS=pthread_create   -o CMakeFiles/cmTC_6ff81.dir/CheckFunctionExists.c.o   -c /usr/share/cmake-3.6/Modules/CheckFunctionExists.c
Linking C executable cmTC_6ff81
/usr/bin/cmake -E cmake_link_script CMakeFiles/cmTC_6ff81.dir/link.txt --verbose=1
/usr/bin/cc   -DCHECK_FUNCTION_EXISTS=pthread_create    CMakeFiles/cmTC_6ff81.dir/CheckFunctionExists.c.o  -o cmTC_6ff81 -rdynamic -lpthreads 
/usr/bin/ld: no se puede encontrar -lpthreads
collect2: error: ld devolvi贸 el estado de salida 1
make[1]: *** [CMakeFiles/cmTC_6ff81.dir/build.make:98: cmTC_6ff81] Error 1
make[1]: se sale del directorio '/home/manjaro-guille/capturas/CMakeFiles/CMakeTmp'
make: *** [Makefile:126: cmTC_6ff81/fast] Error 2


Determining if the pthread_create exist failed with the following output:
Change Dir: /home/rodrigo/TESINA-2016-KINECT/capturador_RGB/CMakeFiles/CMakeTmp

Run Build Command:"/usr/bin/make" "cmTC_b4177/fast"
/usr/bin/make -f CMakeFiles/cmTC_b4177.dir/build.make CMakeFiles/cmTC_b4177.dir/build
make[1]: se entra en el directorio '/home/rodrigo/TESINA-2016-KINECT/capturador_RGB/CMakeFiles/CMakeTmp'
Building C object CMakeFiles/cmTC_b4177.dir/CheckSymbolExists.c.o
/usr/bin/cc     -o CMakeFiles/cmTC_b4177.dir/CheckSymbolExists.c.o   -c /home/rodrigo/TESINA-2016-KINECT/capturador_RGB/CMakeFiles/CMakeTmp/CheckSymbolExists.c
Linking C executable cmTC_b4177
/usr/bin/cmake -E cmake_link_script CMakeFiles/cmTC_b4177.dir/link.txt --verbose=1
/usr/bin/cc       CMakeFiles/cmTC_b4177.dir/CheckSymbolExists.c.o  -o cmTC_b4177 -rdynamic 
CMakeFiles/cmTC_b4177.dir/CheckSymbolExists.c.o: En la funci贸n `main':
CheckSymbolExists.c:(.text+0x16): referencia a `pthread_create' sin definir
collect2: error: ld returned 1 exit status
CMakeFiles/cmTC_b4177.dir/build.make:97: fallo en las instrucciones para el objetivo 'cmTC_b4177'
make[1]: *** [cmTC_b4177] Error 1
make[1]: se sale del directorio '/home/rodrigo/TESINA-2016-KINECT/capturador_RGB/CMakeFiles/CMakeTmp'
Makefile:126: fallo en las instrucciones para el objetivo 'cmTC_b4177/fast'
make: *** [cmTC_b4177/fast] Error 2

File /home/rodrigo/TESINA-2016-KINECT/capturador_RGB/CMakeFiles/CMakeTmp/CheckSymbolExists.c:
/* */
#include <pthread.h>

int main(int argc, char** argv)
{
  (void)argv;
#ifndef pthread_create
  return ((int*)(&pthread_create))[argc];
#else
  (void)argc;
  return 0;
#endif
}

Determining if the function pthread_create exists in the pthreads failed with the following output:
Change Dir: /home/rodrigo/TESINA-2016-KINECT/capturador_RGB/CMakeFiles/CMakeTmp

Run Build Command:"/usr/bin/make" "cmTC_9625c/fast"
/usr/bin/make -f CMakeFiles/cmTC_9625c.dir/build.make CMakeFiles/cmTC_9625c.dir/build
make[1]: se entra en el directorio '/home/rodrigo/TESINA-2016-KINECT/capturador_RGB/CMakeFiles/CMakeTmp'
Building C object CMakeFiles/cmTC_9625c.dir/CheckFunctionExists.c.o
/usr/bin/cc    -DCHECK_FUNCTION_EXISTS=pthread_create   -o CMakeFiles/cmTC_9625c.dir/CheckFunctionExists.c.o   -c /usr/share/cmake-3.5/Modules/CheckFunctionExists.c
Linking C executable cmTC_9625c
/usr/bin/cmake -E cmake_link_script CMakeFiles/cmTC_9625c.dir/link.txt --verbose=1
/usr/bin/cc   -DCHECK_FUNCTION_EXISTS=pthread_create    CMakeFiles/cmTC_9625c.dir/CheckFunctionExists.c.o  -o cmTC_9625c -rdynamic -lpthreads 
/usr/bin/ld: no se puede encontrar -lpthreads
collect2: error: ld returned 1 exit status
CMakeFiles/cmTC_9625c.dir/build.make:97: fallo en las instrucciones para el objetivo 'cmTC_9625c'
make[1]: *** [cmTC_9625c] Error 1
make[1]: se sale del directorio '/home/rodrigo/TESINA-2016-KINECT/capturador_RGB/CMakeFiles/CMakeTmp'
Makefile:126: fallo en las instrucciones para el objetivo 'cmTC_9625c/fast'
make: *** [cmTC_9625c/fast] Error 2


